# JRE version: OpenJDK Runtime Environment OpenLogic-OpenJDK (17.0.13+11) (build 17.0.13+11-adhoc..jdk17u)
# Java VM: OpenJDK 64-Bit Server VM OpenLogic-OpenJDK (17.0.13+11-adhoc..jdk17u, mixed mode, sharing, tiered, compressed oops, compressed class ptrs, g1 gc, windows-amd64)
GC Precious Log:
 CPUs: 4 total, 4 available
 Memory: 8067M
 Large Page Support: Disabled
 NUMA Support: Disabled
 Compressed Oops: Enabled (32-bit)
 Heap Region Size: 1M
 Heap Min Capacity: 8M
 Heap Initial Capacity: 128M
 Heap Max Capacity: 2G
 Pre-touch: Disabled
 Parallel Workers: 4
 Concurrent Workers: 1
 Concurrent Refinement Workers: 4
 Periodic GC: Disabled
Heap:
 garbage-first heap   total 209920K, used 161973K [0x0000000080000000, 0x0000000100000000)
  region size 1024K, 10 young (10240K), 4 survivors (4096K)
 Metaspace       used 111035K, committed 112320K, reserved 557056K
  class space    used 15441K, committed 16064K, reserved 425984K
GC Heap History (20 events):
Event: 143.453 GC heap before
{Heap before GC invocations=58 (full 0):
 garbage-first heap   total 209920K, used 176038K [0x0000000080000000, 0x0000000100000000)
  region size 1024K, 46 young (47104K), 6 survivors (6144K)
 Metaspace       used 97307K, committed 98432K, reserved 557056K
  class space    used 13295K, committed 13888K, reserved 425984K
}
Event: 143.462 GC heap after
{Heap after GC invocations=59 (full 0):
 garbage-first heap   total 209920K, used 135919K [0x0000000080000000, 0x0000000100000000)
  region size 1024K, 3 young (3072K), 3 survivors (3072K)
 Metaspace       used 97307K, committed 98432K, reserved 557056K
  class space    used 13295K, committed 13888K, reserved 425984K
}
Event: 151.771 GC heap before
{Heap before GC invocations=59 (full 0):
 garbage-first heap   total 209920K, used 178927K [0x0000000080000000, 0x0000000100000000)
  region size 1024K, 45 young (46080K), 3 survivors (3072K)
 Metaspace       used 98896K, committed 100032K, reserved 557056K
  class space    used 13562K, committed 14144K, reserved 425984K
}
Event: 151.779 GC heap after
{Heap after GC invocations=60 (full 0):
 garbage-first heap   total 209920K, used 138522K [0x0000000080000000, 0x0000000100000000)
  region size 1024K, 6 young (6144K), 6 survivors (6144K)
 Metaspace       used 98896K, committed 100032K, reserved 557056K
  class space    used 13562K, committed 14144K, reserved 425984K
}
Event: 152.664 GC heap before
{Heap before GC invocations=60 (full 0):
 garbage-first heap   total 209920K, used 178458K [0x0000000080000000, 0x0000000100000000)
  region size 1024K, 45 young (46080K), 6 survivors (6144K)
 Metaspace       used 99032K, committed 100160K, reserved 557056K
  class space    used 13575K, committed 14144K, reserved 425984K
}
Event: 152.675 GC heap after
{Heap after GC invocations=61 (full 0):
 garbage-first heap   total 209920K, used 141382K [0x0000000080000000, 0x0000000100000000)
  region size 1024K, 6 young (6144K), 6 survivors (6144K)
 Metaspace       used 99032K, committed 100160K, reserved 557056K
  class space    used 13575K, committed 14144K, reserved 425984K
}
Event: 153.835 GC heap before
{Heap before GC invocations=61 (full 0):
 garbage-first heap   total 209920K, used 179270K [0x0000000080000000, 0x0000000100000000)
  region size 1024K, 43 young (44032K), 6 survivors (6144K)
 Metaspace       used 101041K, committed 102144K, reserved 557056K
  class space    used 13841K, committed 14400K, reserved 425984K
}
Event: 153.844 GC heap after
{Heap after GC invocations=62 (full 0):
 garbage-first heap   total 209920K, used 142914K [0x0000000080000000, 0x0000000100000000)
  region size 1024K, 5 young (5120K), 5 survivors (5120K)
 Metaspace       used 101041K, committed 102144K, reserved 557056K
  class space    used 13841K, committed 14400K, reserved 425984K
}
Event: 155.055 GC heap before
{Heap before GC invocations=62 (full 0):
 garbage-first heap   total 209920K, used 180802K [0x0000000080000000, 0x0000000100000000)
  region size 1024K, 41 young (41984K), 5 survivors (5120K)
 Metaspace       used 103077K, committed 104128K, reserved 557056K
  class space    used 14122K, committed 14656K, reserved 425984K
}
Event: 155.063 GC heap after
{Heap after GC invocations=63 (full 0):
 garbage-first heap   total 209920K, used 143671K [0x0000000080000000, 0x0000000100000000)
  region size 1024K, 3 young (3072K), 3 survivors (3072K)
 Metaspace       used 103077K, committed 104128K, reserved 557056K
  class space    used 14122K, committed 14656K, reserved 425984K
}
Event: 157.344 GC heap before
{Heap before GC invocations=63 (full 0):
 garbage-first heap   total 209920K, used 181559K [0x0000000080000000, 0x0000000100000000)
  region size 1024K, 40 young (40960K), 3 survivors (3072K)
 Metaspace       used 105353K, committed 106496K, reserved 557056K
  class space    used 14573K, committed 15104K, reserved 425984K
}
Event: 157.351 GC heap after
{Heap after GC invocations=64 (full 0):
 garbage-first heap   total 209920K, used 144671K [0x0000000080000000, 0x0000000100000000)
  region size 1024K, 4 young (4096K), 4 survivors (4096K)
 Metaspace       used 105353K, committed 106496K, reserved 557056K
  class space    used 14573K, committed 15104K, reserved 425984K
}
Event: 158.804 GC heap before
{Heap before GC invocations=64 (full 0):
 garbage-first heap   total 209920K, used 181535K [0x0000000080000000, 0x0000000100000000)
  region size 1024K, 40 young (40960K), 4 survivors (4096K)
 Metaspace       used 107457K, committed 108672K, reserved 557056K
  class space    used 14880K, committed 15488K, reserved 425984K
}
Event: 158.813 GC heap after
{Heap after GC invocations=65 (full 0):
 garbage-first heap   total 209920K, used 145959K [0x0000000080000000, 0x0000000100000000)
  region size 1024K, 4 young (4096K), 4 survivors (4096K)
 Metaspace       used 107457K, committed 108672K, reserved 557056K
  class space    used 14880K, committed 15488K, reserved 425984K
}
Event: 159.841 GC heap before
{Heap before GC invocations=65 (full 0):
 garbage-first heap   total 209920K, used 181799K [0x0000000080000000, 0x0000000100000000)
  region size 1024K, 39 young (39936K), 4 survivors (4096K)
 Metaspace       used 109193K, committed 110400K, reserved 557056K
  class space    used 15125K, committed 15744K, reserved 425984K
}
Event: 159.853 GC heap after
{Heap after GC invocations=66 (full 0):
 garbage-first heap   total 209920K, used 148940K [0x0000000080000000, 0x0000000100000000)
  region size 1024K, 5 young (5120K), 5 survivors (5120K)
 Metaspace       used 109193K, committed 110400K, reserved 557056K
  class space    used 15125K, committed 15744K, reserved 425984K
}
Event: 161.546 GC heap before
{Heap before GC invocations=66 (full 0):
 garbage-first heap   total 209920K, used 180684K [0x0000000080000000, 0x0000000100000000)
  region size 1024K, 36 young (36864K), 5 survivors (5120K)
 Metaspace       used 110462K, committed 111680K, reserved 557056K
  class space    used 15354K, committed 15936K, reserved 425984K
}
Event: 161.560 GC heap after
{Heap after GC invocations=67 (full 0):
 garbage-first heap   total 209920K, used 153372K [0x0000000080000000, 0x0000000100000000)
  region size 1024K, 5 young (5120K), 5 survivors (5120K)
 Metaspace       used 110462K, committed 111680K, reserved 557056K
  class space    used 15354K, committed 15936K, reserved 425984K
}
Event: 162.493 GC heap before
{Heap before GC invocations=67 (full 0):
 garbage-first heap   total 209920K, used 178972K [0x0000000080000000, 0x0000000100000000)
  region size 1024K, 30 young (30720K), 5 survivors (5120K)
 Metaspace       used 110910K, committed 112192K, reserved 557056K
  class space    used 15419K, committed 16064K, reserved 425984K
}
Event: 162.511 GC heap after
{Heap after GC invocations=68 (full 0):
 garbage-first heap   total 209920K, used 157877K [0x0000000080000000, 0x0000000100000000)
  region size 1024K, 4 young (4096K), 4 survivors (4096K)
 Metaspace       used 110910K, committed 112192K, reserved 557056K
  class space    used 15419K, committed 16064K, reserved 425984K
}

